[2022-03-14T18:31:11.840] [INFO] devops-prov.factory - Switching account key to: 'B-M-1YX7F48'
[2022-03-14T18:31:11.842] [INFO] devops-prov.factory - Switching account key to: 'B-M-1YX7F48'
[2022-03-14T18:31:11.843] [INFO] devops-prov.factory - Using credentials file: '/Users/nlakhani/.edgerc', section: 'akamai-technologies-akamai-apac'
[2022-03-14T18:31:11.843] [INFO] devops-prov.factory - need to create papi
[2022-03-14T18:31:11.845] [INFO] devops-prov.openclient - Requesting: GET /papi/v1/groups
[2022-03-14T18:31:11.851] [INFO] devops-prov.edgegrid.auth - Unsigned authorization header: EG1-HMAC-SHA256 client_token=akab-ahoatljihcvg3zyt-zgkogst7lntw7wxp;access_token=akab-zint2co2mhmf4niy-ynogx2tasxnor4o7;timestamp=20220314T10:31:11+0000;nonce=9701a203-7cac-48de-90ea-c27af5d0de4f;

[2022-03-14T18:31:11.851] [INFO] devops-prov.edgegrid.helpers - Body is ""
[2022-03-14T18:31:11.851] [DEBUG] devops-prov.edgegrid.helpers - PREPARED BODY LENGTH 0
[2022-03-14T18:31:11.851] [INFO] devops-prov.edgegrid.helpers - Data to sign: "GET	https	akab-qpr4zs6b6vewlcbj-u4rd56uwuyjddhep.luna.akamaiapis.net	/papi/v1/groups?accountSwitchKey=B-M-1YX7F48			EG1-HMAC-SHA256 client_token=akab-ahoatljihcvg3zyt-zgkogst7lntw7wxp;access_token=akab-zint2co2mhmf4niy-ynogx2tasxnor4o7;timestamp=20220314T10:31:11+0000;nonce=9701a203-7cac-48de-90ea-c27af5d0de4f;" 

[2022-03-14T18:31:11.853] [INFO] devops-prov.edgegrid.helpers - Signing key: fKzJZvKEVArJ5X6jy+wHNW0v17QKFd6DZHAxHx6CMgc=

[2022-03-14T18:31:11.853] [INFO] devops-prov.edgegrid.auth - Signed authorization header: EG1-HMAC-SHA256 client_token=akab-ahoatljihcvg3zyt-zgkogst7lntw7wxp;access_token=akab-zint2co2mhmf4niy-ynogx2tasxnor4o7;timestamp=20220314T10:31:11+0000;nonce=9701a203-7cac-48de-90ea-c27af5d0de4f;signature=pkZO0DWpWErR2u3WfcKDvik3p4sEQR5i02AKxklzk8w=

[2022-03-14T18:31:11.883] [INFO] devops-prov.edgegrid - request {
  debugId: 1,
  uri: 'https://akab-qpr4zs6b6vewlcbj-u4rd56uwuyjddhep.luna.akamaiapis.net/papi/v1/groups?accountSwitchKey=B-M-1YX7F48',
  method: 'GET',
  headers: {
    'X-User-Agent': 'Akamai-PD; Version=0.7.7-RELEASE;pm-cli;',
    'User-Agent': 'Akamai-PD; Version=0.7.7-RELEASE;pm-cli;',
    Authorization: 'EG1-HMAC-SHA256 client_token=akab-ahoatljihcvg3zyt-zgkogst7lntw7wxp;access_token=akab-zint2co2mhmf4niy-ynogx2tasxnor4o7;timestamp=20220314T10:31:11+0000;nonce=9701a203-7cac-48de-90ea-c27af5d0de4f;signature=pkZO0DWpWErR2u3WfcKDvik3p4sEQR5i02AKxklzk8w=',
    host: 'akab-qpr4zs6b6vewlcbj-u4rd56uwuyjddhep.luna.akamaiapis.net'
  }
}
[2022-03-14T18:31:14.400] [INFO] devops-prov.edgegrid - response {
  debugId: 1,
  headers: {
    server: 'nginx',
    'content-type': 'application/json;charset=UTF-8',
    'x-ids-session-id': 'aeb444b4-2132-4f3f-9bb3-0e4f4769e793, aeb444b4-2132-4f3f-9bb3-0e4f4769e793',
    'papi-cache-status': 'CACHE_MISS',
    'cache-control': 'no-store',
    vary: 'accept-encoding',
    'x-trace-id': 'de42622f197094a2',
    'content-length': '2851',
    date: 'Mon, 14 Mar 2022 10:31:14 GMT',
    connection: 'close'
  },
  statusCode: 200,
  body: '{\n' +
    '  "accountId" : "act_B-M-1YX7F48",\n' +
    '  "accountName" : "Akamai Demo",\n' +
    '  "groups" : {\n' +
    '    "items" : [ {\n' +
    '      "groupName" : "Demo Center",\n' +
    '      "groupId" : "grp_203170",\n' +
    '      "parentGroupId" : "grp_93068",\n' +
    '      "contractIds" : [ "ctr_M-1YX7F61" ]\n' +
    '    }, {\n' +
    '      "groupName" : "Web",\n' +
    '      "groupId" : "grp_203329",\n' +
    '      "parentGroupId" : "grp_203170",\n' +
    '      "contractIds" : [ "ctr_M-1YX7F61" ]\n' +
    '    }, {\n' +
    '      "groupName" : "Cloudlets",\n' +
    '      "groupId" : "grp_93509",\n' +
    '      "parentGroupId" : "grp_203170",\n' +
    '      "contractIds" : [ "ctr_M-1YX7F61" ]\n' +
    '    }, {\n' +
    '      "groupName" : "EdgeWorkers",\n' +
    '      "groupId" : "grp_203172",\n' +
    '      "parentGroupId" : "grp_203170",\n' +
    '      "contractIds" : [ "ctr_M-1YX7F61" ]\n' +
    '    }, {\n' +
    '      "groupName" : "Aurora - Demos",\n' +
    '      "groupId" : "grp_205380",\n' +
    '      "parentGroupId" : "grp_203170",\n' +
    '      "contractIds" : [ "ctr_M-1YX7F61" ]\n' +
    '    }, {\n' +
    '      "groupName" : "Enterprise",\n' +
    '      "groupId" : "grp_174154",\n' +
    '      "parentGroupId" : "grp_203170",\n' +
    '      "contractIds" : [ "ctr_M-1YX7F61" ]\n' +
    '    }, {\n' +
    '      "groupName" : "Content Delivery",\n' +
    '      "groupId" : "grp_211951",\n' +
    '      "parentGroupId" : "grp_211634",\n' +
    '      "contractIds" : [ "ctr_M-1YX7F61" ]\n' +
    '    }, {\n' +
    '      "groupName" : "IOT",\n' +
    '      "groupId" : "grp_203183",\n' +
    '      "parentGroupId" : "grp_203170",\n' +
    '      "contractIds" : [ "ctr_M-1YX7F61" ]\n' +
    '    }, {\n' +
    '      "groupName" : "Akamai Demo-M-1YX7F61",\n' +
    '      "groupId" : "grp_93068",\n' +
    '      "contractIds" : [ "ctr_M-1YX7F61" ]\n' +
    '    }, {\n' +
    '      "groupName" : "To be deleted",\n' +
    '      "groupId" : "grp_203182",\n' +
    '      "parentGroupId" : "grp_93068",\n' +
    '      "contractIds" : [ "ctr_M-1YX7F61" ]\n' +
    '    }, {\n' +
    '      "groupName" : "Security",\n' +
    '      "groupId" : "grp_211950",\n' +
    '      "parentGroupId" : "grp_211634",\n' +
    '      "contractIds" : [ "ctr_M-1YX7F61" ]\n' +
    '    }, {\n' +
    '      "groupName" : "Compute",\n' +
    '      "groupId" : "grp_211949",\n' +
    '      "parentGroupId" : "grp_211634",\n' +
    '      "contractIds" : [ "ctr_M-1YX7F61" ]\n' +
    '    }, {\n' +
    '      "groupName" : "SE Central",\n' +
    '      "groupId" : "grp_211634",\n' +
    '      "parentGroupId" : "grp_93068",\n' +
    '      "contractIds" : [ "ctr_M-1YX7F61" ]\n' +
    '    }, {\n' +
    '      "groupName" : "ScaleMates",\n' +
    '      "groupId" : "grp_106387",\n' +
    '      "parentGroupId" : "grp_93068",\n' +
    '      "contractIds" : [ "ctr_M-1YX7F61" ]\n' +
    '    }, {\n' +
    '      "groupName" : "Infrastructure",\n' +
    '      "groupId" : "grp_211952",\n' +
    '      "parentGroupId" : "grp_211634",\n' +
    '      "contractIds" : [ "ctr_M-1YX7F61" ]\n' +
    '    }, {\n' +
    '      "groupName" : "Security",\n' +
    '      "groupId" : "grp_94196",\n' +
    '      "parentGroupId" : "grp_203170",\n' +
    '      "contractIds" : [ "ctr_M-1YX7F61" ]\n' +
    '    }, {\n' +
    '      "groupName" : "CodeClub",\n' +
    '      "groupId" : "grp_189723",\n' +
    '      "parentGroupId" : "grp_93068",\n' +
    '      "contractIds" : [ "ctr_M-1YX7F61" ]\n' +
    '    }, {\n' +
    '      "groupName" : "Media",\n' +
    '      "groupId" : "grp_94974",\n' +
    '      "parentGroupId" : "grp_203170",\n' +
    '      "contractIds" : [ "ctr_M-1YX7F61" ]\n' +
    '    } ]\n' +
    '  }\n' +
    '}'
}
[2022-03-14T18:31:14.401] [INFO] devops-prov.openclient - Status code:  200
[2022-03-14T18:31:14.401] [INFO] devops-prov.openclient - Body:  {
  "accountId" : "act_B-M-1YX7F48",
  "accountName" : "Akamai Demo",
  "groups" : {
    "items" : [ {
      "groupName" : "Demo Center",
      "groupId" : "grp_203170",
      "parentGroupId" : "grp_93068",
      "contractIds" : [ "ctr_M-1YX7F61" ]
    }, {
      "groupName" : "Web",
      "groupId" : "grp_203329",
      "parentGroupId" : "grp_203170",
      "contractIds" : [ "ctr_M-1YX7F61" ]
    }, {
      "groupName" : "Cloudlets",
      "groupId" : "grp_93509",
      "parentGroupId" : "grp_203170",
      "contractIds" : [ "ctr_M-1YX7F61" ]
    }, {
      "groupName" : "EdgeWorkers",
      "groupId" : "grp_203172",
      "parentGroupId" : "grp_203170",
      "contractIds" : [ "ctr_M-1YX7F61" ]
    }, {
      "groupName" : "Aurora - Demos",
      "groupId" : "grp_205380",
      "parentGroupId" : "grp_203170",
      "contractIds" : [ "ctr_M-1YX7F61" ]
    }, {
      "groupName" : "Enterprise",
      "groupId" : "grp_174154",
      "parentGroupId" : "grp_203170",
      "contractIds" : [ "ctr_M-1YX7F61" ]
    }, {
      "groupName" : "Content Delivery",
      "groupId" : "grp_211951",
      "parentGroupId" : "grp_211634",
      "contractIds" : [ "ctr_M-1YX7F61" ]
    }, {
      "groupName" : "IOT",
      "groupId" : "grp_203183",
      "parentGroupId" : "grp_203170",
      "contractIds" : [ "ctr_M-1YX7F61" ]
    }, {
      "groupName" : "Akamai Demo-M-1YX7F61",
      "groupId" : "grp_93068",
      "contractIds" : [ "ctr_M-1YX7F61" ]
    }, {
      "groupName" : "To be deleted",
      "groupId" : "grp_203182",
      "parentGroupId" : "grp_93068",
      "contractIds" : [ "ctr_M-1YX7F61" ]
    }, {
      "groupName" : "Security",
      "groupId" : "grp_211950",
      "parentGroupId" : "grp_211634",
      "contractIds" : [ "ctr_M-1YX7F61" ]
    }, {
      "groupName" : "Compute",
      "groupId" : "grp_211949",
      "parentGroupId" : "grp_211634",
      "contractIds" : [ "ctr_M-1YX7F61" ]
    }, {
      "groupName" : "SE Central",
      "groupId" : "grp_211634",
      "parentGroupId" : "grp_93068",
      "contractIds" : [ "ctr_M-1YX7F61" ]
    }, {
      "groupName" : "ScaleMates",
      "groupId" : "grp_106387",
      "parentGroupId" : "grp_93068",
      "contractIds" : [ "ctr_M-1YX7F61" ]
    }, {
      "groupName" : "Infrastructure",
      "groupId" : "grp_211952",
      "parentGroupId" : "grp_211634",
      "contractIds" : [ "ctr_M-1YX7F61" ]
    }, {
      "groupName" : "Security",
      "groupId" : "grp_94196",
      "parentGroupId" : "grp_203170",
      "contractIds" : [ "ctr_M-1YX7F61" ]
    }, {
      "groupName" : "CodeClub",
      "groupId" : "grp_189723",
      "parentGroupId" : "grp_93068",
      "contractIds" : [ "ctr_M-1YX7F61" ]
    }, {
      "groupName" : "Media",
      "groupId" : "grp_94974",
      "parentGroupId" : "grp_203170",
      "contractIds" : [ "ctr_M-1YX7F61" ]
    } ]
  }
}
